<?xml version="1.0" encoding="UTF-8"?>
<testsuite xmlns:xsi="http://www.w3.org/2001/XMLSchema-instance" xsi:noNamespaceSchemaLocation="https://maven.apache.org/surefire/maven-surefire-plugin/xsd/surefire-test-report.xsd" name="com.lucas.AppTest" time="0.053" tests="8" errors="0" skipped="0" failures="0">
  <properties>
[...]
</properties>
  <testcase name="ordenacaoPorSobrenomeCrescente" classname="com.lucas.AppTest" time="0.003"/>
  <testcase name="ordenacaoPorSobrenomeDecrescente" classname="com.lucas.AppTest" time="0"/>
  <testcase name="ordenacaoPorMediaCrescente" classname="com.lucas.AppTest" time="0.001"/>
  <testcase name="ordenacaoPorIdadeDecrescente" classname="com.lucas.AppTest" time="0.001"/>
  <testcase name="ordenacaoPorNomeCrescente" classname="com.lucas.AppTest" time="0"/>
  <testcase name="ordenacaoPorMediaDecrescente" classname="com.lucas.AppTest" time="0"/>
  <testcase name="ordenacaoPorNomeDecrescente" classname="com.lucas.AppTest" time="0"/>
  <testcase name="ordenacaoPorIdadeCrescente" classname="com.lucas.AppTest" time="0"/>
</testsuite>